<?xml version="1.0" encoding="UTF-8"?>
<!-- Generated by org.testng.reporters.JUnitXMLReporter -->
<testsuite ignored="8" hostname="DESKTOP-FI1C1CI" failures="0" tests="42" name="Test" time="526.661" errors="0" timestamp="2022-11-11T22:06:01 BDT">
  <testcase classname="tests.HomePageTest" name="ClickOnSignIn" time="14.565"/>
  <testcase classname="tests.HomePageTest" name="clickOnSignUP" time="3.776"/>
  <testcase classname="tests.HomePageTest" name="GmailClick" time="8.622"/>
  <testcase classname="tests.GmailSignInTest" name="GmailUserName" time="8.395"/>
  <testcase classname="tests.GmailSignInTest" name="ClickOnUserNameNextButton" time="7.794"/>
  <testcase classname="tests.GmailSignInTest" name="GmailPassword" time="4.803"/>
  <testcase classname="tests.GmailSignInTest" name="ClickOnPasswordNextButton" time="19.686"/>
  <testcase classname="tests.WriterAndBookFilterTest" name="Writer" time="7.984"/>
  <testcase classname="tests.WriterAndBookFilterTest" name="WriterSelected" time="12.414"/>
  <testcase classname="tests.WriterAndBookFilterTest" name="BestSellerFilterClick" time="12.808"/>
  <testcase classname="tests.WriterAndBookFilterTest" name="Book_CatagoriesDivScroll" time="7.702"/>
  <testcase classname="tests.WriterAndBookFilterTest" name="BanglaKobitaCheckBoxClick" time="12.585"/>
  <testcase classname="tests.WriterAndBookFilterTest" name="RochonaSongkolonCheckBoxClick" time="15.918"/>
  <testcase classname="tests.WriterAndBookFilterTest" name="PublishersDivScroll" time="7.377"/>
  <testcase classname="tests.WriterAndBookFilterTest" name="ClickOnNazrulCheckBox" time="11.978"/>
  <testcase classname="tests.WriterAndBookFilterTest" name="ClickOnAgamiProkashoniCheckBox" time="12.916"/>
  <testcase classname="tests.WriterAndBookFilterTest" name="ClickOnMawlanaBrothersCheckBox" time="11.622"/>
  <testcase classname="tests.WriterAndBookFilterTest" name="BanglaLanguageDivScroll" time="7.465"/>
  <testcase classname="tests.WriterAndBookFilterTest" name="ClickOnBanglaCheckBox" time="11.869"/>
  <testcase classname="tests.WriterAndBookFilterTest" name="ClickOnFiveStarRating" time="11.095"/>
  <testcase classname="tests.AddToCartTest" name="SelectBookDivScroll" time="7.614"/>
  <testcase classname="tests.AddToCartTest" name="FirstBookHover" time="9.765"/>
  <testcase classname="tests.AddToCartTest" name="FirstBookInAddToCart" time="7.762"/>
  <testcase classname="tests.AddToCartTest" name="SecondBookHover" time="9.755"/>
  <testcase classname="tests.AddToCartTest" name="SecondBookInAddToCart" time="7.813"/>
  <testcase classname="tests.AddToCartTest" name="PublishersDivScroll" time="7.483"/>
  <testcase classname="tests.AddToCartTest" name="ThirdBookHover" time="11.637"/>
  <testcase classname="tests.AddToCartTest" name="ThirdBookViewDetails" time="31.507"/>
  <testcase classname="tests.AddToCartTest" name="ThirdBookAddToCartClick" time="21.011"/>
  <testcase classname="tests.AddToCartTest" name="ClickOnCrossButton" time="20.537"/>
  <testcase classname="tests.AddToCartTest" name="ClickOnCartIcon" time="23.766"/>
  <testcase classname="tests.AddToCartTest" name="RemoveFirstElement" time="15.471"/>
  <testcase classname="tests.AddToCartTest" name="ConfirmRemoveElementByYes" time="18.523"/>
  <testcase classname="tests.AddToCartTest" name="ClickOnPaceOrderButton" time="21.044"/>
  <testcase classname="tests.ShippingInfoPageTest" name="NameGiven" time="7.921"/>
  <testcase classname="tests.ShippingInfoPageTest" name="PhoneNumberGiven" time="8.032"/>
  <testcase classname="tests.ShippingInfoPageTest" name="AlterNativePhoneNum" time="7.953"/>
  <testcase classname="tests.ShippingInfoPageTest" name="CountryAndAreaDropDown" time="24.732"/>
  <testcase classname="tests.ShippingInfoPageTest" name="ZoneDropDown" time="13.857"/>
  <testcase classname="tests.ShippingInfoPageTest" name="AddressInputField" time="10.148"/>
  <testcase classname="tests.ShippingInfoPageTest" name="NagadCheckBox" time="5.078"/>
  <testcase classname="tests.ShippingInfoPageTest" name="ConfirmOrderButton" time="6.528"/>
  <testcase classname="drivers.BaseDriver" name="@AfterSuite close" time="0.0">
    <ignored/>
  </testcase> <!-- @AfterSuite close -->
  <testcase classname="drivers.BaseDriver" name="@AfterSuite close" time="0.0">
    <ignored/>
  </testcase> <!-- @AfterSuite close -->
  <testcase classname="drivers.BaseDriver" name="@AfterSuite close" time="0.0">
    <ignored/>
  </testcase> <!-- @AfterSuite close -->
  <testcase classname="drivers.BaseDriver" name="@BeforeSuite start" time="0.0">
    <ignored/>
  </testcase> <!-- @BeforeSuite start -->
  <testcase classname="drivers.BaseDriver" name="@BeforeSuite start" time="0.0">
    <ignored/>
  </testcase> <!-- @BeforeSuite start -->
  <testcase classname="drivers.BaseDriver" name="@AfterSuite close" time="0.0">
    <ignored/>
  </testcase> <!-- @AfterSuite close -->
  <testcase classname="drivers.BaseDriver" name="@BeforeSuite start" time="0.0">
    <ignored/>
  </testcase> <!-- @BeforeSuite start -->
  <testcase classname="drivers.BaseDriver" name="@BeforeSuite start" time="0.0">
    <ignored/>
  </testcase> <!-- @BeforeSuite start -->
</testsuite> <!-- Test -->
