<?xml version="1.0" encoding="UTF-8"?>
<!-- Generated by org.testng.reporters.JUnitXMLReporter -->
<testsuite ignored="8" hostname="DESKTOP-FI1C1CI" failures="0" tests="42" name="Test" time="499.909" errors="0" timestamp="2022-10-22T07:26:51 BDT">
  <testcase classname="tests.HomePageTest" name="ClickOnSignIn" time="17.182"/>
  <testcase classname="tests.HomePageTest" name="clickOnSignUP" time="3.527"/>
  <testcase classname="tests.HomePageTest" name="GmailClick" time="10.868"/>
  <testcase classname="tests.GmailSignInTest" name="GmailUserName" time="7.714"/>
  <testcase classname="tests.GmailSignInTest" name="ClickOnUserNameNextButton" time="7.509"/>
  <testcase classname="tests.GmailSignInTest" name="GmailPassword" time="5.071"/>
  <testcase classname="tests.GmailSignInTest" name="ClickOnPasswordNextButton" time="13.313"/>
  <testcase classname="tests.WriterAndBookFilterTest" name="Writer" time="7.678"/>
  <testcase classname="tests.WriterAndBookFilterTest" name="WriterSelected" time="10.48"/>
  <testcase classname="tests.WriterAndBookFilterTest" name="BestSellerFilterClick" time="10.057"/>
  <testcase classname="tests.WriterAndBookFilterTest" name="Book_CatagoriesDivScroll" time="7.462"/>
  <testcase classname="tests.WriterAndBookFilterTest" name="BanglaKobitaCheckBoxClick" time="10.002"/>
  <testcase classname="tests.WriterAndBookFilterTest" name="RochonaSongkolonCheckBoxClick" time="13.915"/>
  <testcase classname="tests.WriterAndBookFilterTest" name="PublishersDivScroll" time="7.375"/>
  <testcase classname="tests.WriterAndBookFilterTest" name="ClickOnNazrulCheckBox" time="9.89"/>
  <testcase classname="tests.WriterAndBookFilterTest" name="ClickOnAgamiProkashoniCheckBox" time="9.888"/>
  <testcase classname="tests.WriterAndBookFilterTest" name="ClickOnMawlanaBrothersCheckBox" time="9.712"/>
  <testcase classname="tests.WriterAndBookFilterTest" name="BanglaLanguageDivScroll" time="7.464"/>
  <testcase classname="tests.WriterAndBookFilterTest" name="ClickOnBanglaCheckBox" time="9.857"/>
  <testcase classname="tests.WriterAndBookFilterTest" name="ClickOnFiveStarRating" time="9.538"/>
  <testcase classname="tests.AddToCartTest" name="SelectBookDivScroll" time="7.43"/>
  <testcase classname="tests.AddToCartTest" name="FirstBookHover" time="9.572"/>
  <testcase classname="tests.AddToCartTest" name="FirstBookInAddToCart" time="7.531"/>
  <testcase classname="tests.AddToCartTest" name="SecondBookHover" time="9.615"/>
  <testcase classname="tests.AddToCartTest" name="SecondBookInAddToCart" time="7.609"/>
  <testcase classname="tests.AddToCartTest" name="PublishersDivScroll" time="7.426"/>
  <testcase classname="tests.AddToCartTest" name="ThirdBookHover" time="11.479"/>
  <testcase classname="tests.AddToCartTest" name="ThirdBookViewDetails" time="26.297"/>
  <testcase classname="tests.AddToCartTest" name="ThirdBookAddToCartClick" time="20.702"/>
  <testcase classname="tests.AddToCartTest" name="ClickOnCrossButton" time="20.498"/>
  <testcase classname="tests.AddToCartTest" name="ClickOnCartIcon" time="23.039"/>
  <testcase classname="tests.AddToCartTest" name="RemoveFirstElement" time="15.425"/>
  <testcase classname="tests.AddToCartTest" name="ConfirmRemoveElementByYes" time="18.38"/>
  <testcase classname="tests.AddToCartTest" name="ClickOnPaceOrderButton" time="20.691"/>
  <testcase classname="tests.ShippingInfoPageTest" name="NameGiven" time="7.596"/>
  <testcase classname="tests.ShippingInfoPageTest" name="PhoneNumberGiven" time="8.604"/>
  <testcase classname="tests.ShippingInfoPageTest" name="AlterNativePhoneNum" time="7.573"/>
  <testcase classname="tests.ShippingInfoPageTest" name="CountryAndAreaDropDown" time="24.344"/>
  <testcase classname="tests.ShippingInfoPageTest" name="ZoneDropDown" time="13.658"/>
  <testcase classname="tests.ShippingInfoPageTest" name="AddressInputField" time="9.722"/>
  <testcase classname="tests.ShippingInfoPageTest" name="NagadCheckBox" time="5.079"/>
  <testcase classname="tests.ShippingInfoPageTest" name="ConfirmOrderButton" time="6.402"/>
  <testcase classname="drivers.BaseDriver" name="@AfterSuite close" time="0.0">
    <ignored/>
  </testcase> <!-- @AfterSuite close -->
  <testcase classname="drivers.BaseDriver" name="@AfterSuite close" time="0.0">
    <ignored/>
  </testcase> <!-- @AfterSuite close -->
  <testcase classname="drivers.BaseDriver" name="@AfterSuite close" time="0.0">
    <ignored/>
  </testcase> <!-- @AfterSuite close -->
  <testcase classname="drivers.BaseDriver" name="@BeforeSuite start" time="0.0">
    <ignored/>
  </testcase> <!-- @BeforeSuite start -->
  <testcase classname="drivers.BaseDriver" name="@BeforeSuite start" time="0.0">
    <ignored/>
  </testcase> <!-- @BeforeSuite start -->
  <testcase classname="drivers.BaseDriver" name="@AfterSuite close" time="0.0">
    <ignored/>
  </testcase> <!-- @AfterSuite close -->
  <testcase classname="drivers.BaseDriver" name="@BeforeSuite start" time="0.0">
    <ignored/>
  </testcase> <!-- @BeforeSuite start -->
  <testcase classname="drivers.BaseDriver" name="@BeforeSuite start" time="0.0">
    <ignored/>
  </testcase> <!-- @BeforeSuite start -->
</testsuite> <!-- Test -->
